{"total": {"lines":{"total":82,"covered":80,"skipped":0,"pct":97.56},"statements":{"total":82,"covered":80,"skipped":0,"pct":97.56},"functions":{"total":13,"covered":11,"skipped":0,"pct":84.61},"branches":{"total":16,"covered":16,"skipped":0,"pct":100},"branchesTrue":{"total":0,"covered":0,"skipped":0,"pct":100}}
,"/Users/hyunji/Workspace/902.codeit/01.nb3/10.jest-test/(250909)jest-test/prisma/mock.ts": {"lines":{"total":12,"covered":12,"skipped":0,"pct":100},"functions":{"total":0,"covered":0,"skipped":0,"pct":100},"statements":{"total":12,"covered":12,"skipped":0,"pct":100},"branches":{"total":0,"covered":0,"skipped":0,"pct":100}}
,"/Users/hyunji/Workspace/902.codeit/01.nb3/10.jest-test/(250909)jest-test/src/async.ts": {"lines":{"total":9,"covered":9,"skipped":0,"pct":100},"functions":{"total":2,"covered":2,"skipped":0,"pct":100},"statements":{"total":9,"covered":9,"skipped":0,"pct":100},"branches":{"total":3,"covered":3,"skipped":0,"pct":100}}
,"/Users/hyunji/Workspace/902.codeit/01.nb3/10.jest-test/(250909)jest-test/src/couter.ts": {"lines":{"total":21,"covered":19,"skipped":0,"pct":90.47},"functions":{"total":6,"covered":5,"skipped":0,"pct":83.33},"statements":{"total":21,"covered":19,"skipped":0,"pct":90.47},"branches":{"total":5,"covered":5,"skipped":0,"pct":100}}
,"/Users/hyunji/Workspace/902.codeit/01.nb3/10.jest-test/(250909)jest-test/src/flip-coin.ts": {"lines":{"total":8,"covered":8,"skipped":0,"pct":100},"functions":{"total":1,"covered":1,"skipped":0,"pct":100},"statements":{"total":8,"covered":8,"skipped":0,"pct":100},"branches":{"total":3,"covered":3,"skipped":0,"pct":100}}
,"/Users/hyunji/Workspace/902.codeit/01.nb3/10.jest-test/(250909)jest-test/src/grade.ts": {"lines":{"total":3,"covered":3,"skipped":0,"pct":100},"functions":{"total":1,"covered":1,"skipped":0,"pct":100},"statements":{"total":3,"covered":3,"skipped":0,"pct":100},"branches":{"total":3,"covered":3,"skipped":0,"pct":100}}
,"/Users/hyunji/Workspace/902.codeit/01.nb3/10.jest-test/(250909)jest-test/src/hello.ts": {"lines":{"total":3,"covered":3,"skipped":0,"pct":100},"functions":{"total":1,"covered":1,"skipped":0,"pct":100},"statements":{"total":3,"covered":3,"skipped":0,"pct":100},"branches":{"total":1,"covered":1,"skipped":0,"pct":100}}
,"/Users/hyunji/Workspace/902.codeit/01.nb3/10.jest-test/(250909)jest-test/src/product/repository.ts": {"lines":{"total":20,"covered":20,"skipped":0,"pct":100},"functions":{"total":1,"covered":0,"skipped":0,"pct":0},"statements":{"total":20,"covered":20,"skipped":0,"pct":100},"branches":{"total":0,"covered":0,"skipped":0,"pct":100}}
,"/Users/hyunji/Workspace/902.codeit/01.nb3/10.jest-test/(250909)jest-test/src/product/service.ts": {"lines":{"total":6,"covered":6,"skipped":0,"pct":100},"functions":{"total":1,"covered":1,"skipped":0,"pct":100},"statements":{"total":6,"covered":6,"skipped":0,"pct":100},"branches":{"total":1,"covered":1,"skipped":0,"pct":100}}
}
