TN:
SF:prisma/mock.ts
FNF:0
FNH:0
DA:1,1
DA:2,1
DA:3,1
DA:4,1
DA:5,1
DA:6,1
DA:7,1
DA:8,1
DA:9,1
DA:10,1
DA:11,1
DA:12,1
LF:12
LH:12
BRF:0
BRH:0
end_of_record
TN:
SF:src/async.ts
FN:1,fetchData
FN:5,getAvatars
FNF:2
FNH:2
FNDA:1,fetchData
FNDA:1,getAvatars
DA:1,1
DA:2,1
DA:3,1
DA:4,1
DA:5,1
DA:6,1
DA:7,1
DA:8,1
DA:9,1
LF:9
LH:9
BRDA:1,0,0,1
BRDA:2,1,0,1
BRDA:5,2,0,1
BRF:3
BRH:3
end_of_record
TN:
SF:src/flip-coin.ts
FN:3,flipCoin
FNF:1
FNH:1
FNDA:2,flipCoin
DA:1,1
DA:2,1
DA:3,1
DA:4,2
DA:5,2
DA:6,2
DA:7,1
DA:8,1
LF:8
LH:8
BRDA:3,0,0,2
BRDA:5,1,0,1
BRDA:5,2,0,1
BRF:3
BRH:3
end_of_record
TN:
SF:src/grade.ts
FN:1,isPass
FNF:1
FNH:1
FNDA:6,isPass
DA:1,1
DA:2,6
DA:3,6
LF:3
LH:3
BRDA:1,0,0,6
BRDA:2,1,0,3
BRDA:2,2,0,3
BRF:3
BRH:3
end_of_record
TN:
SF:src/hello.ts
FN:1,hello
FNF:1
FNH:1
FNDA:2,hello
DA:1,1
DA:2,2
DA:3,2
LF:3
LH:3
BRDA:1,0,0,2
BRF:1
BRH:1
end_of_record
TN:
SF:src/product/repository.ts
FN:16,findById
FNF:1
FNH:0
FNDA:0,findById
DA:1,1
DA:2,1
DA:3,1
DA:4,1
DA:5,1
DA:6,1
DA:7,1
DA:8,1
DA:9,1
DA:10,1
DA:11,1
DA:12,1
DA:13,1
DA:14,1
DA:15,1
DA:16,1
DA:17,1
DA:18,1
DA:19,1
DA:20,1
LF:20
LH:20
BRF:0
BRH:0
end_of_record
TN:
SF:src/product/service.ts
FN:3,getProduct
FNF:1
FNH:1
FNDA:2,getProduct
DA:1,1
DA:2,1
DA:3,1
DA:4,2
DA:5,2
DA:6,2
LF:6
LH:6
BRDA:3,0,0,2
BRF:1
BRH:1
end_of_record
